<?xml version="1.0" encoding="UTF-8"?>
<testsuites name="jest tests" tests="108" failures="5" errors="0" time="22.229">
  <testsuite name="Prepare Flex Function" errors="0" failures="0" skipped="0" timestamp="2023-02-17T05:48:36" time="2.997" tests="4">
    <testcase classname="Prepare Flex Function prepareFlexFunction is called successfully " name="Prepare Flex Function prepareFlexFunction is called successfully " time="0.174">
    </testcase>
    <testcase classname="Prepare Function prepareFlexFunction is called successfully " name="Prepare Function prepareFlexFunction is called successfully " time="0.001">
    </testcase>
    <testcase classname="Prepare Function prepareFlexFunction returns error 400" name="Prepare Function prepareFlexFunction returns error 400" time="0">
    </testcase>
    <testcase classname="Prepare Function prepareFlexFunction error handler" name="Prepare Function prepareFlexFunction error handler" time="0">
    </testcase>
  </testsuite>
  <testsuite name="Update channel attributes" errors="0" failures="0" skipped="0" timestamp="2023-02-17T05:48:36" time="3.349" tests="3">
    <testcase classname="Update channel attributes getQueues is called successfully " name="Update channel attributes getQueues is called successfully " time="0.522">
    </testcase>
    <testcase classname="Update channel attributes getQueues error handler is called" name="Update channel attributes getQueues error handler is called" time="0.005">
    </testcase>
    <testcase classname="Update channel attributes getQueues error handler is called because of invalid context" name="Update channel attributes getQueues error handler is called because of invalid context" time="0.001">
    </testcase>
  </testsuite>
  <testsuite name="Complete Task for Transfer" errors="0" failures="0" skipped="0" timestamp="2023-02-17T05:48:36" time="3.355" tests="2">
    <testcase classname="Complete Task for Transfer Complete Task for Transfer" name="Complete Task for Transfer Complete Task for Transfer" time="0.534">
    </testcase>
    <testcase classname="Complete Task for Transfer Complete Task for Transfer error handler is called" name="Complete Task for Transfer Complete Task for Transfer error handler is called" time="0.001">
    </testcase>
  </testsuite>
  <testsuite name="create transfer task" errors="0" failures="0" skipped="0" timestamp="2023-02-17T05:48:36" time="3.365" tests="3">
    <testcase classname="create transfer task createTransferTask is called successfully " name="create transfer task createTransferTask is called successfully " time="0.534">
    </testcase>
    <testcase classname="create transfer task createTransferTask gives error due to invalid context " name="create transfer task createTransferTask gives error due to invalid context " time="0.007">
    </testcase>
    <testcase classname="create transfer task createTransferTask gives error due to invalid workflow sid " name="create transfer task createTransferTask gives error due to invalid workflow sid " time="0.002">
    </testcase>
  </testsuite>
  <testsuite name="Update channel attributes" errors="0" failures="2" skipped="0" timestamp="2023-02-17T05:48:36" time="3.378" tests="2">
    <testcase classname="Update channel attributes getQueues is called successfully " name="Update channel attributes getQueues is called successfully " time="0.544">
      <failure>Error: expect(received).toEqual(expected) // deep equality

Expected: 200
Received: 403
    at mockCallbackObject (/Users/shmohanty/Workspace/segregated pugins/chat-sms-transfer/tests/chat-transfer/update-task-assignment.test.js:72:38)
    at failedResponse (/Users/shmohanty/Workspace/segregated pugins/chat-sms-transfer/node_modules/twilio-flex-token-validator/dist/index.js:202:7)
    at handlerFn (/Users/shmohanty/Workspace/segregated pugins/chat-sms-transfer/node_modules/twilio-flex-token-validator/dist/index.js:208:14)
    at _callee$ (/Users/shmohanty/Workspace/segregated pugins/chat-sms-transfer/tests/chat-transfer/update-task-assignment.test.js:75:13)
    at tryCatch (/Users/shmohanty/Workspace/segregated pugins/chat-sms-transfer/tests/chat-transfer/update-task-assignment.test.js:2:1)
    at Generator.&lt;anonymous&gt; (/Users/shmohanty/Workspace/segregated pugins/chat-sms-transfer/tests/chat-transfer/update-task-assignment.test.js:2:1)
    at Generator.next (/Users/shmohanty/Workspace/segregated pugins/chat-sms-transfer/tests/chat-transfer/update-task-assignment.test.js:2:1)
    at asyncGeneratorStep (/Users/shmohanty/Workspace/segregated pugins/chat-sms-transfer/tests/chat-transfer/update-task-assignment.test.js:2:1)
    at _next (/Users/shmohanty/Workspace/segregated pugins/chat-sms-transfer/tests/chat-transfer/update-task-assignment.test.js:2:1)
    at /Users/shmohanty/Workspace/segregated pugins/chat-sms-transfer/tests/chat-transfer/update-task-assignment.test.js:2:1
    at new Promise (&lt;anonymous&gt;)
    at Object.&lt;anonymous&gt; (/Users/shmohanty/Workspace/segregated pugins/chat-sms-transfer/tests/chat-transfer/update-task-assignment.test.js:2:1)
    at Object.asyncJestTest (/Users/shmohanty/Workspace/segregated pugins/chat-sms-transfer/node_modules/jest-jasmine2/build/jasmineAsyncInstall.js:106:37)
    at /Users/shmohanty/Workspace/segregated pugins/chat-sms-transfer/node_modules/jest-jasmine2/build/queueRunner.js:45:12
    at new Promise (&lt;anonymous&gt;)
    at mapper (/Users/shmohanty/Workspace/segregated pugins/chat-sms-transfer/node_modules/jest-jasmine2/build/queueRunner.js:28:19)
    at /Users/shmohanty/Workspace/segregated pugins/chat-sms-transfer/node_modules/jest-jasmine2/build/queueRunner.js:75:41
    at processTicksAndRejections (node:internal/process/task_queues:96:5)</failure>
    </testcase>
    <testcase classname="Update channel attributes getQueues error handler is called" name="Update channel attributes getQueues error handler is called" time="0.001">
      <failure>Error: expect(received).toBe(expected) // Object.is equality

Expected: 1
Received: 0
    at _callee2$ (/Users/shmohanty/Workspace/segregated pugins/chat-sms-transfer/tests/chat-transfer/update-task-assignment.test.js:87:49)
    at tryCatch (/Users/shmohanty/Workspace/segregated pugins/chat-sms-transfer/tests/chat-transfer/update-task-assignment.test.js:2:1)
    at Generator.&lt;anonymous&gt; (/Users/shmohanty/Workspace/segregated pugins/chat-sms-transfer/tests/chat-transfer/update-task-assignment.test.js:2:1)
    at Generator.next (/Users/shmohanty/Workspace/segregated pugins/chat-sms-transfer/tests/chat-transfer/update-task-assignment.test.js:2:1)
    at asyncGeneratorStep (/Users/shmohanty/Workspace/segregated pugins/chat-sms-transfer/tests/chat-transfer/update-task-assignment.test.js:2:1)
    at _next (/Users/shmohanty/Workspace/segregated pugins/chat-sms-transfer/tests/chat-transfer/update-task-assignment.test.js:2:1)
    at /Users/shmohanty/Workspace/segregated pugins/chat-sms-transfer/tests/chat-transfer/update-task-assignment.test.js:2:1
    at new Promise (&lt;anonymous&gt;)
    at Object.&lt;anonymous&gt; (/Users/shmohanty/Workspace/segregated pugins/chat-sms-transfer/tests/chat-transfer/update-task-assignment.test.js:2:1)
    at Object.asyncJestTest (/Users/shmohanty/Workspace/segregated pugins/chat-sms-transfer/node_modules/jest-jasmine2/build/jasmineAsyncInstall.js:106:37)
    at /Users/shmohanty/Workspace/segregated pugins/chat-sms-transfer/node_modules/jest-jasmine2/build/queueRunner.js:45:12
    at new Promise (&lt;anonymous&gt;)
    at mapper (/Users/shmohanty/Workspace/segregated pugins/chat-sms-transfer/node_modules/jest-jasmine2/build/queueRunner.js:28:19)
    at /Users/shmohanty/Workspace/segregated pugins/chat-sms-transfer/node_modules/jest-jasmine2/build/queueRunner.js:75:41
    at processTicksAndRejections (node:internal/process/task_queues:96:5)</failure>
    </testcase>
  </testsuite>
  <testsuite name="chat operations" errors="0" failures="1" skipped="0" timestamp="2023-02-17T05:48:36" time="3.365" tests="13">
    <testcase classname="chat operations add task to channel" name="chat operations add task to channel" time="0.489">
    </testcase>
    <testcase classname="chat operations set task to complete channel" name="chat operations set task to complete channel" time="0.029">
    </testcase>
    <testcase classname="chat operations remove channel sid from task" name="chat operations remove channel sid from task" time="0.004">
      <failure>TypeError: &apos;caller&apos;, &apos;callee&apos;, and &apos;arguments&apos; properties may not be accessed on strict mode functions or the arguments objects for calls to them
    at _callee3$ (/Users/shmohanty/Workspace/segregated pugins/chat-sms-transfer/functions/chat-transfer/common/chat-operations.private.js:188:54)
    at tryCatch (/Users/shmohanty/Workspace/segregated pugins/chat-sms-transfer/functions/chat-transfer/common/chat-operations.private.js:2:1)
    at Generator.&lt;anonymous&gt; (/Users/shmohanty/Workspace/segregated pugins/chat-sms-transfer/functions/chat-transfer/common/chat-operations.private.js:2:1)
    at Generator.next (/Users/shmohanty/Workspace/segregated pugins/chat-sms-transfer/functions/chat-transfer/common/chat-operations.private.js:2:1)
    at asyncGeneratorStep (/Users/shmohanty/Workspace/segregated pugins/chat-sms-transfer/functions/chat-transfer/common/chat-operations.private.js:2:1)
    at _next (/Users/shmohanty/Workspace/segregated pugins/chat-sms-transfer/functions/chat-transfer/common/chat-operations.private.js:2:1)
    at /Users/shmohanty/Workspace/segregated pugins/chat-sms-transfer/functions/chat-transfer/common/chat-operations.private.js:2:1
    at new Promise (&lt;anonymous&gt;)
    at /Users/shmohanty/Workspace/segregated pugins/chat-sms-transfer/functions/chat-transfer/common/chat-operations.private.js:2:1
    at removeChannelSidFromTask (/Users/shmohanty/Workspace/segregated pugins/chat-sms-transfer/functions/chat-transfer/common/chat-operations.private.js:132:75)
    at _callee3$ (/Users/shmohanty/Workspace/segregated pugins/chat-sms-transfer/tests/chat-transfer/chat-operations.private.test.js:108:21)
    at tryCatch (/Users/shmohanty/Workspace/segregated pugins/chat-sms-transfer/tests/chat-transfer/chat-operations.private.test.js:2:1)
    at Generator.&lt;anonymous&gt; (/Users/shmohanty/Workspace/segregated pugins/chat-sms-transfer/tests/chat-transfer/chat-operations.private.test.js:2:1)
    at Generator.next (/Users/shmohanty/Workspace/segregated pugins/chat-sms-transfer/tests/chat-transfer/chat-operations.private.test.js:2:1)
    at asyncGeneratorStep (/Users/shmohanty/Workspace/segregated pugins/chat-sms-transfer/tests/chat-transfer/chat-operations.private.test.js:2:1)
    at _next (/Users/shmohanty/Workspace/segregated pugins/chat-sms-transfer/tests/chat-transfer/chat-operations.private.test.js:2:1)
    at /Users/shmohanty/Workspace/segregated pugins/chat-sms-transfer/tests/chat-transfer/chat-operations.private.test.js:2:1
    at new Promise (&lt;anonymous&gt;)
    at Object.&lt;anonymous&gt; (/Users/shmohanty/Workspace/segregated pugins/chat-sms-transfer/tests/chat-transfer/chat-operations.private.test.js:2:1)
    at Object.asyncJestTest (/Users/shmohanty/Workspace/segregated pugins/chat-sms-transfer/node_modules/jest-jasmine2/build/jasmineAsyncInstall.js:106:37)
    at /Users/shmohanty/Workspace/segregated pugins/chat-sms-transfer/node_modules/jest-jasmine2/build/queueRunner.js:45:12
    at new Promise (&lt;anonymous&gt;)
    at mapper (/Users/shmohanty/Workspace/segregated pugins/chat-sms-transfer/node_modules/jest-jasmine2/build/queueRunner.js:28:19)
    at /Users/shmohanty/Workspace/segregated pugins/chat-sms-transfer/node_modules/jest-jasmine2/build/queueRunner.js:75:41
    at processTicksAndRejections (node:internal/process/task_queues:96:5)</failure>
    </testcase>
    <testcase classname="chat operations addTaskToChannel gives error due to invalid context" name="chat operations addTaskToChannel gives error due to invalid context" time="0.004">
    </testcase>
    <testcase classname="chat operations addTaskToChannel gives error due to invalid attempts" name="chat operations addTaskToChannel gives error due to invalid attempts" time="0">
    </testcase>
    <testcase classname="chat operations addTaskToChannel gives error due to invalid taskSid" name="chat operations addTaskToChannel gives error due to invalid taskSid" time="0">
    </testcase>
    <testcase classname="chat operations setTaskToCompleteOnChannel gives error due to invalid context" name="chat operations setTaskToCompleteOnChannel gives error due to invalid context" time="0">
    </testcase>
    <testcase classname="chat operations setTaskToCompleteOnChannel gives error due to invalid attempts" name="chat operations setTaskToCompleteOnChannel gives error due to invalid attempts" time="0.001">
    </testcase>
    <testcase classname="chat operations setTaskToCompleteOnChannel gives error due to invalid taskSid" name="chat operations setTaskToCompleteOnChannel gives error due to invalid taskSid" time="0">
    </testcase>
    <testcase classname="chat operations setTaskToCompleteOnChannel gives error due to invalid channelSid" name="chat operations setTaskToCompleteOnChannel gives error due to invalid channelSid" time="0">
    </testcase>
    <testcase classname="chat operations removeChannelSidFromTask gives error due to invalid taskSid" name="chat operations removeChannelSidFromTask gives error due to invalid taskSid" time="0.001">
    </testcase>
    <testcase classname="chat operations removeChannelSidFromTask gives error due to invalid attempts" name="chat operations removeChannelSidFromTask gives error due to invalid attempts" time="0">
    </testcase>
    <testcase classname="chat operations removeChannelSidFromTask gives error due to invalid context" name="chat operations removeChannelSidFromTask gives error due to invalid context" time="0">
    </testcase>
  </testsuite>
  <testsuite name="taskrouter" errors="0" failures="1" skipped="20" timestamp="2023-02-17T05:48:36" time="3.401" tests="21">
    <testcase classname="taskrouter taskRouter is called successfully " name="taskrouter taskRouter is called successfully " time="0">
      <skipped/>
    </testcase>
    <testcase classname="taskrouter taskRouter should throw error" name="taskrouter taskRouter should throw error" time="0.553">
      <failure>TypeError: &apos;caller&apos;, &apos;callee&apos;, and &apos;arguments&apos; properties may not be accessed on strict mode functions or the arguments objects for calls to them
    at _callee2$ (/Users/shmohanty/Workspace/segregated pugins/chat-sms-transfer/functions/twilio-wrappers/taskrouter.private.js:131:38)
    at tryCatch (/Users/shmohanty/Workspace/segregated pugins/chat-sms-transfer/functions/twilio-wrappers/taskrouter.private.js:2:1)
    at Generator.&lt;anonymous&gt; (/Users/shmohanty/Workspace/segregated pugins/chat-sms-transfer/functions/twilio-wrappers/taskrouter.private.js:2:1)
    at Generator.throw (/Users/shmohanty/Workspace/segregated pugins/chat-sms-transfer/functions/twilio-wrappers/taskrouter.private.js:2:1)
    at asyncGeneratorStep (/Users/shmohanty/Workspace/segregated pugins/chat-sms-transfer/functions/twilio-wrappers/taskrouter.private.js:2:1)
    at _throw (/Users/shmohanty/Workspace/segregated pugins/chat-sms-transfer/functions/twilio-wrappers/taskrouter.private.js:2:1)
    at processTicksAndRejections (node:internal/process/task_queues:96:5)</failure>
    </testcase>
    <testcase classname="taskrouter completeTask gives error due to invalid context " name="taskrouter completeTask gives error due to invalid context " time="0">
      <skipped/>
    </testcase>
    <testcase classname="taskrouter completeTask gives error due to invalid reason " name="taskrouter completeTask gives error due to invalid reason " time="0">
      <skipped/>
    </testcase>
    <testcase classname="taskrouter completeTask gives error due to invalid attempts " name="taskrouter completeTask gives error due to invalid attempts " time="0">
      <skipped/>
    </testcase>
    <testcase classname="taskrouter completeTask gives error due to invalid taskSid " name="taskrouter completeTask gives error due to invalid taskSid " time="0">
      <skipped/>
    </testcase>
    <testcase classname="taskrouter createTask gives error due to invalid attempts " name="taskrouter createTask gives error due to invalid attempts " time="0">
      <skipped/>
    </testcase>
    <testcase classname="taskrouter createTask gives error due to invalid taskChannel" name="taskrouter createTask gives error due to invalid taskChannel" time="0">
      <skipped/>
    </testcase>
    <testcase classname="taskrouter createTask gives error due to invalid attributes" name="taskrouter createTask gives error due to invalid attributes" time="0">
      <skipped/>
    </testcase>
    <testcase classname="taskrouter updateTaskAttributes gives error due to invalid attempts" name="taskrouter updateTaskAttributes gives error due to invalid attempts" time="0">
      <skipped/>
    </testcase>
    <testcase classname="taskrouter updateTaskAttributes gives error due to invalid attributesUpdate" name="taskrouter updateTaskAttributes gives error due to invalid attributesUpdate" time="0">
      <skipped/>
    </testcase>
    <testcase classname="taskrouter getQueues gives error due to invalid attempts" name="taskrouter getQueues gives error due to invalid attempts" time="0">
      <skipped/>
    </testcase>
    <testcase classname="taskrouter getWorkerChannels gives error due to invalid attempts" name="taskrouter getWorkerChannels gives error due to invalid attempts" time="0">
      <skipped/>
    </testcase>
    <testcase classname="taskrouter updateWorkerChannel gives error due to invalid attempts" name="taskrouter updateWorkerChannel gives error due to invalid attempts" time="0">
      <skipped/>
    </testcase>
    <testcase classname="taskrouter updateWorkerChannel gives error due to invalid capacity" name="taskrouter updateWorkerChannel gives error due to invalid capacity" time="0">
      <skipped/>
    </testcase>
    <testcase classname="taskrouter updateWorkerChannel gives error due to invalid available" name="taskrouter updateWorkerChannel gives error due to invalid available" time="0">
      <skipped/>
    </testcase>
    <testcase classname="taskrouter updateTask success" name="taskrouter updateTask success" time="0">
      <skipped/>
    </testcase>
    <testcase classname="taskrouter updateTask gives error due to invalid attempts" name="taskrouter updateTask gives error due to invalid attempts" time="0">
      <skipped/>
    </testcase>
    <testcase classname="taskrouter updateTask gives error due to invalid context" name="taskrouter updateTask gives error due to invalid context" time="0">
      <skipped/>
    </testcase>
    <testcase classname="taskrouter updateTask gives error due to invalid taskSid" name="taskrouter updateTask gives error due to invalid taskSid" time="0">
      <skipped/>
    </testcase>
    <testcase classname="taskrouter updateTask gives error due to invalid taskSid" name="taskrouter updateTask gives error due to invalid taskSid" time="0">
      <skipped/>
    </testcase>
  </testsuite>
  <testsuite name="Retry Handler" errors="0" failures="0" skipped="0" timestamp="2023-02-17T05:48:40" time="0.333" tests="3">
    <testcase classname="Retry Handler throws invalid parameter error" name="Retry Handler throws invalid parameter error" time="0.002">
    </testcase>
    <testcase classname="Retry Handler returns failed status" name="Retry Handler returns failed status" time="0.002">
    </testcase>
    <testcase classname="Retry Handler retry callback is called" name="Retry Handler retry callback is called" time="0.003">
    </testcase>
  </testsuite>
  <testsuite name="undefined" errors="0" failures="0" skipped="0" timestamp="2023-02-17T05:48:40" time="0.32" tests="5">
    <testcase classname=" parameterValitor returns success with strings" name=" parameterValitor returns success with strings" time="0.001">
    </testcase>
    <testcase classname=" parameterValitor returns success with object" name=" parameterValitor returns success with object" time="0.001">
    </testcase>
    <testcase classname=" parameterValitor returns error with strings" name=" parameterValitor returns error with strings" time="0">
    </testcase>
    <testcase classname=" parameterValitor returns error with object" name=" parameterValitor returns error with object" time="0">
    </testcase>
    <testcase classname=" parameterValitor returns error with numerical keys" name=" parameterValitor returns error with numerical keys" time="0">
    </testcase>
  </testsuite>
  <testsuite name="Get worker channel" errors="0" failures="0" skipped="0" timestamp="2023-02-17T05:48:40" time="0.803" tests="3">
    <testcase classname="Get worker channel getQueues is called successfully " name="Get worker channel getQueues is called successfully " time="0.094">
    </testcase>
    <testcase classname="Get worker channel get-worker-channel error handler is called" name="Get worker channel get-worker-channel error handler is called" time="0.001">
    </testcase>
    <testcase classname="Get worker channel get-worker-channel error handler is called as invalid context" name="Get worker channel get-worker-channel error handler is called as invalid context" time="0">
    </testcase>
  </testsuite>
  <testsuite name="Update channel attributes" errors="0" failures="0" skipped="0" timestamp="2023-02-17T05:48:40" time="0.595" tests="2">
    <testcase classname="Update channel attributes updateChannelAttributes is called successfully " name="Update channel attributes updateChannelAttributes is called successfully " time="0.133">
    </testcase>
    <testcase classname="Update channel attributes updateChannelAttributes error handler is called" name="Update channel attributes updateChannelAttributes error handler is called" time="0">
    </testcase>
  </testsuite>
  <testsuite name="Update task attributes" errors="0" failures="0" skipped="0" timestamp="2023-02-17T05:48:40" time="0.584" tests="2">
    <testcase classname="Update task attributes getQueues is called successfully " name="Update task attributes getQueues is called successfully " time="0.07">
    </testcase>
    <testcase classname="Update task attributes get-worker-channel error handler is called" name="Update task attributes get-worker-channel error handler is called" time="0.001">
    </testcase>
  </testsuite>
  <testsuite name="programmable chat error scenarios" errors="0" failures="0" skipped="0" timestamp="2023-02-17T05:48:40" time="0.623" tests="3">
    <testcase classname="programmable chat error scenarios updateChannelAttributes gives error due to invalid context" name="programmable chat error scenarios updateChannelAttributes gives error due to invalid context" time="0.092">
    </testcase>
    <testcase classname="programmable chat error scenarios updateChannelAttributes gives error due to invalid attempts" name="programmable chat error scenarios updateChannelAttributes gives error due to invalid attempts" time="0.001">
    </testcase>
    <testcase classname="programmable chat error scenarios updateChannelAttributes gives error due to invalid attributes" name="programmable chat error scenarios updateChannelAttributes gives error due to invalid attributes" time="0.001">
    </testcase>
  </testsuite>
  <testsuite name="Update worker channel" errors="0" failures="0" skipped="0" timestamp="2023-02-17T05:48:40" time="0.701" tests="6">
    <testcase classname="Update worker channel getQueues is called successfully " name="Update worker channel getQueues is called successfully " time="0.171">
    </testcase>
    <testcase classname="Update worker channel updateworkerchannel is called successfully roles include admin" name="Update worker channel updateworkerchannel is called successfully roles include admin" time="0.001">
    </testcase>
    <testcase classname="Update worker channel get-worker-channel error handler is called" name="Update worker channel get-worker-channel error handler is called" time="0">
    </testcase>
    <testcase classname="Update worker channel get-worker-channel error handler is called due to invalid context " name="Update worker channel get-worker-channel error handler is called due to invalid context " time="0.001">
    </testcase>
    <testcase classname="Update worker channel get-worker-channel error handler is called due to invalid workerSid " name="Update worker channel get-worker-channel error handler is called due to invalid workerSid " time="0">
    </testcase>
    <testcase classname="Update worker channel get-worker-channel error handler is called due to invalid workerChannelSid " name="Update worker channel get-worker-channel error handler is called due to invalid workerChannelSid " time="0">
    </testcase>
  </testsuite>
  <testsuite name="taskrouter service" errors="0" failures="0" skipped="0" timestamp="2023-02-17T05:48:41" time="1.461" tests="5">
    <testcase classname="taskrouter service updateTaskAttributes called successfully" name="taskrouter service updateTaskAttributes called successfully" time="0.002">
    </testcase>
    <testcase classname="taskrouter service updateTaskAssignmentStatus called successfully" name="taskrouter service updateTaskAssignmentStatus called successfully" time="0">
    </testcase>
    <testcase classname="taskrouter service getQueues called successfully" name="taskrouter service getQueues called successfully" time="0.001">
    </testcase>
    <testcase classname="taskrouter service getWorkerChannels called successfully" name="taskrouter service getWorkerChannels called successfully" time="0">
    </testcase>
    <testcase classname="taskrouter service updateWorkerChannel called successfully" name="taskrouter service updateWorkerChannel called successfully" time="0.001">
    </testcase>
  </testsuite>
  <testsuite name="utils/common/ApiService" errors="0" failures="0" skipped="0" timestamp="2023-02-17T05:48:40" time="1.649" tests="4">
    <testcase classname="utils/common/ApiService should provide access to the Flex Manager instance" name="utils/common/ApiService should provide access to the Flex Manager instance" time="0.007">
    </testcase>
    <testcase classname="utils/common/ApiService should build encoded params into a string to use as the body for serverless reqeusts" name="utils/common/ApiService should build encoded params into a string to use as the body for serverless reqeusts" time="0">
    </testcase>
    <testcase classname="utils/common/ApiService fetchJsonWithReject should return json response" name="utils/common/ApiService fetchJsonWithReject should return json response" time="0.003">
    </testcase>
    <testcase classname="utils/common/ApiService fetchJsonWithReject should throw error" name="utils/common/ApiService fetchJsonWithReject should throw error" time="0.012">
    </testcase>
  </testsuite>
  <testsuite name="Chat Transfer Notification" errors="0" failures="0" skipped="0" timestamp="2023-02-17T05:48:42" time="0.318" tests="2">
    <testcase classname="Chat Transfer Notification sends chat transfer notification when chatOrchestrator present" name="Chat Transfer Notification sends chat transfer notification when chatOrchestrator present" time="0">
    </testcase>
    <testcase classname="Chat Transfer Notification sends chat transfer notification when chatOrchestrator absent" name="Chat Transfer Notification sends chat transfer notification when chatOrchestrator absent" time="0">
    </testcase>
  </testsuite>
  <testsuite name="conversation Joined" errors="0" failures="0" skipped="0" timestamp="2023-02-17T05:48:42" time="0.316" tests="1">
    <testcase classname="conversation Joined conversation Joined" name="conversation Joined conversation Joined" time="0.004">
    </testcase>
  </testsuite>
  <testsuite name="interceptTransferOverrideForChatTasks" errors="0" failures="0" skipped="0" timestamp="2023-02-17T05:48:41" time="2.732" tests="3">
    <testcase classname="interceptTransferOverrideForChatTasks adds beforeCompleteTask listener" name="interceptTransferOverrideForChatTasks adds beforeCompleteTask listener" time="0.002">
    </testcase>
    <testcase classname="interceptTransferOverrideForChatTasks should call completeTransferredTask with correct parameters" name="interceptTransferOverrideForChatTasks should call completeTransferredTask with correct parameters" time="0">
    </testcase>
    <testcase classname="interceptTransferOverrideForChatTasks should call completeTransferredTask with correct parameters" name="interceptTransferOverrideForChatTasks should call completeTransferredTask with correct parameters" time="0.001">
    </testcase>
  </testsuite>
  <testsuite name="interceptTransferOverrideForChatTasks" errors="0" failures="0" skipped="0" timestamp="2023-02-17T05:48:41" time="2.868" tests="3">
    <testcase classname="interceptTransferOverrideForChatTasks adds beforeCompleteTask listener" name="interceptTransferOverrideForChatTasks adds beforeCompleteTask listener" time="0.003">
    </testcase>
    <testcase classname="interceptTransferOverrideForChatTasks should call completeTransferredTask with correct parameters" name="interceptTransferOverrideForChatTasks should call completeTransferredTask with correct parameters" time="0.001">
    </testcase>
    <testcase classname="interceptTransferOverrideForChatTasks should call completeTransferredTask with correct parameters" name="interceptTransferOverrideForChatTasks should call completeTransferredTask with correct parameters" time="0.001">
    </testcase>
  </testsuite>
  <testsuite name="wrap up task tests" errors="0" failures="0" skipped="0" timestamp="2023-02-17T05:48:40" time="3.046" tests="4">
    <testcase classname="wrap up task tests adds beforeWrapupTask listener in announceOnChannelWhenLeaving" name="wrap up task tests adds beforeWrapupTask listener in announceOnChannelWhenLeaving" time="0.001">
    </testcase>
    <testcase classname="wrap up task tests adds beforeWrapupTask listener in removeChannelSidAndLeaveChatForChatTransfer" name="wrap up task tests adds beforeWrapupTask listener in removeChannelSidAndLeaveChatForChatTransfer" time="0">
    </testcase>
    <testcase classname="wrap up task tests announce on channel is called successfully" name="wrap up task tests announce on channel is called successfully" time="0.001">
    </testcase>
    <testcase classname="wrap up task tests removeChannelSidAndLeaveChatForChatTransfer is called successfully" name="wrap up task tests removeChannelSidAndLeaveChatForChatTransfer is called successfully" time="0">
    </testcase>
  </testsuite>
  <testsuite name="add transfer button" errors="0" failures="0" skipped="0" timestamp="2023-02-17T05:48:42" time="0.999" tests="1">
    <testcase classname="add transfer button add transfer button to taskcanvasheader" name="add transfer button add transfer button to taskcanvasheader" time="0.002">
    </testcase>
  </testsuite>
  <testsuite name="message list item" errors="0" failures="0" skipped="0" timestamp="2023-02-17T05:48:42" time="1.049" tests="1">
    <testcase classname="message list item message list item" name="message list item message list item" time="0.002">
    </testcase>
  </testsuite>
  <testsuite name="Chat Transfer Notification" errors="0" failures="0" skipped="0" timestamp="2023-02-17T05:48:43" time="0.188" tests="1">
    <testcase classname="Chat Transfer Notification sends chat transfer notification" name="Chat Transfer Notification sends chat transfer notification" time="0.001">
    </testcase>
  </testsuite>
  <testsuite name="plugins loaded" errors="0" failures="0" skipped="0" timestamp="2023-02-17T05:48:43" time="0.192" tests="1">
    <testcase classname="plugins loaded check plugins loaded" name="plugins loaded check plugins loaded" time="0.002">
    </testcase>
  </testsuite>
  <testsuite name="Transfer Button" errors="0" failures="0" skipped="0" timestamp="2023-02-17T05:48:41" time="3.1" tests="4">
    <testcase classname="Transfer Button should render correct snapshot" name="Transfer Button should render correct snapshot" time="0.032">
    </testcase>
    <testcase classname="Transfer Button should invoke an action when the icon button is clicked" name="Transfer Button should invoke an action when the icon button is clicked" time="0.011">
    </testcase>
    <testcase classname="Transfer Button should add a listener for beforeTransferTask event on mount" name="Transfer Button should add a listener for beforeTransferTask event on mount" time="0.002">
    </testcase>
    <testcase classname="Transfer Button should remove the listener for beforeTransferTask event on unmount" name="Transfer Button should remove the listener for beforeTransferTask event on unmount" time="0.003">
    </testcase>
  </testsuite>
  <testsuite name="programmable chat service" errors="0" failures="0" skipped="0" timestamp="2023-02-17T05:48:43" time="0.382" tests="1">
    <testcase classname="programmable chat service programmable chat service" name="programmable chat service programmable chat service" time="0.002">
    </testcase>
  </testsuite>
  <testsuite name="Notification message" errors="0" failures="0" skipped="0" timestamp="2023-02-17T05:48:43" time="0.509" tests="1">
    <testcase classname="Notification message should render correct snapshot" name="Notification message should render correct snapshot" time="0.013">
    </testcase>
  </testsuite>
  <testsuite name="paste theme provider" errors="0" failures="0" skipped="0" timestamp="2023-02-17T05:48:43" time="0.629" tests="1">
    <testcase classname="paste theme provider paste theme provider test" name="paste theme provider paste theme provider test" time="0.001">
    </testcase>
  </testsuite>
  <testsuite name="completeTransferredTask" errors="0" failures="1" skipped="0" timestamp="2023-02-17T05:48:40" time="16.818" tests="3">
    <testcase classname="completeTransferredTask ends the conference successfully" name="completeTransferredTask ends the conference successfully" time="0.006">
    </testcase>
    <testcase classname="execute chat transfer execute chat transfer successfully" name="execute chat transfer execute chat transfer successfully" time="15.005">
      <failure>: Timeout - Async callback was not invoked within the 15000 ms timeout specified by jest.setTimeout.Timeout - Async callback was not invoked within the 15000 ms timeout specified by jest.setTimeout.Error: 
    at new Spec (/Users/shmohanty/Workspace/segregated pugins/chat-sms-transfer/node_modules/jest-jasmine2/build/jasmine/Spec.js:116:22)
    at new Spec (/Users/shmohanty/Workspace/segregated pugins/chat-sms-transfer/node_modules/jest-jasmine2/build/setup_jest_globals.js:78:9)
    at specFactory (/Users/shmohanty/Workspace/segregated pugins/chat-sms-transfer/node_modules/jest-jasmine2/build/jasmine/Env.js:523:24)
    at Env.it (/Users/shmohanty/Workspace/segregated pugins/chat-sms-transfer/node_modules/jest-jasmine2/build/jasmine/Env.js:592:24)
    at Env.it (/Users/shmohanty/Workspace/segregated pugins/chat-sms-transfer/node_modules/jest-jasmine2/build/jasmineAsyncInstall.js:134:23)
    at it (/Users/shmohanty/Workspace/segregated pugins/chat-sms-transfer/node_modules/jest-jasmine2/build/jasmine/jasmineLight.js:100:21)
    at Suite.&lt;anonymous&gt; (/Users/shmohanty/Workspace/segregated pugins/chat-sms-transfer/ui-src/src/service/__tests__/ChatTransferService.test.ts:65:3)
    at addSpecsToSuite (/Users/shmohanty/Workspace/segregated pugins/chat-sms-transfer/node_modules/jest-jasmine2/build/jasmine/Env.js:444:51)
    at Env.describe (/Users/shmohanty/Workspace/segregated pugins/chat-sms-transfer/node_modules/jest-jasmine2/build/jasmine/Env.js:414:11)
    at describe (/Users/shmohanty/Workspace/segregated pugins/chat-sms-transfer/node_modules/jest-jasmine2/build/jasmine/jasmineLight.js:88:18)
    at Object.&lt;anonymous&gt; (/Users/shmohanty/Workspace/segregated pugins/chat-sms-transfer/ui-src/src/service/__tests__/ChatTransferService.test.ts:43:1)
    at Runtime._execModule (/Users/shmohanty/Workspace/segregated pugins/chat-sms-transfer/node_modules/jest-runtime/build/index.js:1299:24)
    at Runtime._loadModule (/Users/shmohanty/Workspace/segregated pugins/chat-sms-transfer/node_modules/jest-runtime/build/index.js:898:12)
    at Runtime.requireModule (/Users/shmohanty/Workspace/segregated pugins/chat-sms-transfer/node_modules/jest-runtime/build/index.js:746:10)
    at jasmine2 (/Users/shmohanty/Workspace/segregated pugins/chat-sms-transfer/node_modules/jest-jasmine2/build/index.js:230:13)
    at runTestInternal (/Users/shmohanty/Workspace/segregated pugins/chat-sms-transfer/node_modules/jest-runner/build/runTest.js:380:22)
    at processTicksAndRejections (node:internal/process/task_queues:96:5)
    at runTest (/Users/shmohanty/Workspace/segregated pugins/chat-sms-transfer/node_modules/jest-runner/build/runTest.js:472:34)
    at Object.worker (/Users/shmohanty/Workspace/segregated pugins/chat-sms-transfer/node_modules/jest-runner/build/testWorker.js:133:12)</failure>
    </testcase>
    <testcase classname="createTransferTask createTransferTask called successfully" name="createTransferTask createTransferTask called successfully" time="0.003">
    </testcase>
  </testsuite>
</testsuites>